Navbar/app/build/intermediates/manifest_merge_blame_file/debug/manifest-merger-blame-debug-report.txt
1<?xml version="1.0" encoding="utf-8"?>
2<manifest xmlns:android="http://schemas.android.com/apk/res/android"
3    package="com.example.navbar"
4    android:versionCode="1"
5    android:versionName="1.0" >
6
7    <uses-sdk
8        android:minSdkVersion="23"
8-->src\main\AndroidManifest.xml
9        android:targetSdkVersion="32" />
9-->src\main\AndroidManifest.xml
10
11    <uses-permission android:name="android.permission.INTERNET" />
11-->src\main\AndroidManifest.xml:5:5-67
11-->src\main\AndroidManifest.xml:5:22-64
12    <uses-permission android:name="android.permission.ACCESS_FINE_LOCATION" />
12-->src\main\AndroidManifest.xml:6:5-79
12-->src\main\AndroidManifest.xml:6:22-76
13    <uses-permission android:name="android.permission.ACCESS_COARSE_LOCATION" />
13-->src\main\AndroidManifest.xml:7:5-81
13-->src\main\AndroidManifest.xml:7:22-78
14
15    <!-- Include required permissions for Google Maps API to run. -->
16    <uses-permission android:name="android.permission.ACCESS_NETWORK_STATE" />
16-->[com.google.android.gms:play-services-maps:18.1.0] AndroidManifest.xml:23:5-79
16-->[com.google.android.gms:play-services-maps:18.1.0] AndroidManifest.xml:23:22-76
17
18    <uses-feature
18-->[com.google.android.gms:play-services-maps:18.1.0] AndroidManifest.xml:26:5-28:35
19        android:glEsVersion="0x00020000"
19-->[com.google.android.gms:play-services-maps:18.1.0] AndroidManifest.xml:27:9-41
20        android:required="true" />
20-->[com.google.android.gms:play-services-maps:18.1.0] AndroidManifest.xml:28:9-32
21
22    <queries>
22-->[com.google.android.gms:play-services-maps:18.1.0] AndroidManifest.xml:30:5-34:15
23
24        <!-- Needs to be explicitly declared on Android R+ -->
25        <package android:name="com.google.android.apps.maps" />
25-->[com.google.android.gms:play-services-maps:18.1.0] AndroidManifest.xml:33:9-64
25-->[com.google.android.gms:play-services-maps:18.1.0] AndroidManifest.xml:33:18-61
26    </queries>
27
28    <permission
28-->[androidx.core:core:1.9.0] AndroidManifest.xml:22:5-24:47
29        android:name="com.example.navbar.DYNAMIC_RECEIVER_NOT_EXPORTED_PERMISSION"
29-->[androidx.core:core:1.9.0] AndroidManifest.xml:23:9-81
30        android:protectionLevel="signature" />
30-->[androidx.core:core:1.9.0] AndroidManifest.xml:24:9-44
31
32    <uses-permission android:name="com.example.navbar.DYNAMIC_RECEIVER_NOT_EXPORTED_PERMISSION" />
32-->[androidx.core:core:1.9.0] AndroidManifest.xml:26:5-97
32-->[androidx.core:core:1.9.0] AndroidManifest.xml:26:22-94
33
34    <application
34-->src\main\AndroidManifest.xml:9:5-53:19
35        android:allowBackup="true"
35-->src\main\AndroidManifest.xml:10:9-35
36        android:appComponentFactory="androidx.core.app.CoreComponentFactory"
36-->[androidx.core:core:1.9.0] AndroidManifest.xml:28:18-86
37        android:dataExtractionRules="@xml/data_extraction_rules"
37-->src\main\AndroidManifest.xml:11:9-65
38        android:debuggable="true"
39        android:extractNativeLibs="false"
40        android:fullBackupContent="@xml/backup_rules"
40-->src\main\AndroidManifest.xml:12:9-54
41        android:icon="@mipmap/ic_launcher"
41-->src\main\AndroidManifest.xml:13:9-43
42        android:label="@string/app_name"
42-->src\main\AndroidManifest.xml:14:9-41
43        android:roundIcon="@mipmap/ic_launcher_round"
43-->src\main\AndroidManifest.xml:15:9-54
44        android:supportsRtl="true"
44-->src\main\AndroidManifest.xml:16:9-35
45        android:testOnly="true"
46        android:theme="@style/Theme.Navbar" >
46-->src\main\AndroidManifest.xml:17:9-44
47        <activity
47-->src\main\AndroidManifest.xml:19:9-25:20
48            android:name="com.example.navbar.Register"
48-->src\main\AndroidManifest.xml:20:13-37
49            android:exported="false" >
49-->src\main\AndroidManifest.xml:21:13-37
50            <meta-data
50-->src\main\AndroidManifest.xml:22:13-24:36
51                android:name="android.app.lib_name"
51-->src\main\AndroidManifest.xml:23:17-52
52                android:value="" />
52-->src\main\AndroidManifest.xml:24:17-33
53        </activity>
54        <activity
54-->src\main\AndroidManifest.xml:26:9-33:20
55            android:name="com.example.navbar.Login"
55-->src\main\AndroidManifest.xml:27:13-34
56            android:exported="false" >
56-->src\main\AndroidManifest.xml:28:13-37
57            <meta-data
57-->src\main\AndroidManifest.xml:22:13-24:36
58                android:name="android.app.lib_name"
58-->src\main\AndroidManifest.xml:23:17-52
59                android:value="" />
59-->src\main\AndroidManifest.xml:24:17-33
60        </activity>
61
62        <meta-data
62-->src\main\AndroidManifest.xml:35:9-37:71
63            android:name="com.google.android.geo.API_KEY"
63-->src\main\AndroidManifest.xml:36:13-58
64            android:value="AIzaSyB1MrxjEFXm22klXV1Wtl_Z_8PfGR3u-jY" />
64-->src\main\AndroidManifest.xml:37:13-68
65
66        <activity
66-->src\main\AndroidManifest.xml:39:9-52:20
67            android:name="com.example.navbar.MainActivity"
67-->src\main\AndroidManifest.xml:40:13-41
68            android:exported="true" >
68-->src\main\AndroidManifest.xml:41:13-36
69            <intent-filter>
69-->src\main\AndroidManifest.xml:43:13-47:29
70                <action android:name="android.intent.action.MAIN" />
70-->src\main\AndroidManifest.xml:44:17-69
70-->src\main\AndroidManifest.xml:44:25-66
71
72                <category android:name="android.intent.category.LAUNCHER" />
72-->src\main\AndroidManifest.xml:46:17-77
72-->src\main\AndroidManifest.xml:46:27-74
73            </intent-filter>
74
75            <meta-data
75-->src\main\AndroidManifest.xml:22:13-24:36
76                android:name="android.app.lib_name"
76-->src\main\AndroidManifest.xml:23:17-52
77                android:value="" />
77-->src\main\AndroidManifest.xml:24:17-33
78        </activity>
79        <!-- Needs to be explicitly declared on P+ -->
80        <uses-library
80-->[com.google.android.gms:play-services-maps:18.1.0] AndroidManifest.xml:39:9-41:40
81            android:name="org.apache.http.legacy"
81-->[com.google.android.gms:play-services-maps:18.1.0] AndroidManifest.xml:40:13-50
82            android:required="false" />
82-->[com.google.android.gms:play-services-maps:18.1.0] AndroidManifest.xml:41:13-37
83
84        <service
84-->[com.google.firebase:firebase-database:20.1.0] AndroidManifest.xml:28:9-34:19
85            android:name="com.google.firebase.components.ComponentDiscoveryService"
85-->[com.google.firebase:firebase-database:20.1.0] AndroidManifest.xml:29:13-84
86            android:directBootAware="true"
86-->[com.google.firebase:firebase-common:20.3.0] AndroidManifest.xml:34:13-43
87            android:exported="false" >
87-->[com.google.firebase:firebase-database:20.1.0] AndroidManifest.xml:30:13-37
88            <meta-data
88-->[com.google.firebase:firebase-database:20.1.0] AndroidManifest.xml:31:13-33:85
89                android:name="com.google.firebase.components:com.google.firebase.database.DatabaseRegistrar"
89-->[com.google.firebase:firebase-database:20.1.0] AndroidManifest.xml:32:17-109
90                android:value="com.google.firebase.components.ComponentRegistrar" />
90-->[com.google.firebase:firebase-database:20.1.0] AndroidManifest.xml:33:17-82
91        </service>
92
93        <activity
93-->[com.google.android.gms:play-services-base:18.0.1] AndroidManifest.xml:20:9-22:45
94            android:name="com.google.android.gms.common.api.GoogleApiActivity"
94-->[com.google.android.gms:play-services-base:18.0.1] AndroidManifest.xml:20:19-85
95            android:exported="false"
95-->[com.google.android.gms:play-services-base:18.0.1] AndroidManifest.xml:22:19-43
96            android:theme="@android:style/Theme.Translucent.NoTitleBar" />
96-->[com.google.android.gms:play-services-base:18.0.1] AndroidManifest.xml:21:19-78
97
98        <provider
98-->[com.google.firebase:firebase-common:20.3.0] AndroidManifest.xml:25:9-30:39
99            android:name="com.google.firebase.provider.FirebaseInitProvider"
99-->[com.google.firebase:firebase-common:20.3.0] AndroidManifest.xml:26:13-77
100            android:authorities="com.example.navbar.firebaseinitprovider"
100-->[com.google.firebase:firebase-common:20.3.0] AndroidManifest.xml:27:13-72
101            android:directBootAware="true"
101-->[com.google.firebase:firebase-common:20.3.0] AndroidManifest.xml:28:13-43
102            android:exported="false"
102-->[com.google.firebase:firebase-common:20.3.0] AndroidManifest.xml:29:13-37
103            android:initOrder="100" />
103-->[com.google.firebase:firebase-common:20.3.0] AndroidManifest.xml:30:13-36
104
105        <meta-data
105-->[com.google.android.gms:play-services-basement:18.1.0] AndroidManifest.xml:21:9-23:69
106            android:name="com.google.android.gms.version"
106-->[com.google.android.gms:play-services-basement:18.1.0] AndroidManifest.xml:22:13-58
107            android:value="@integer/google_play_services_version" />
107-->[com.google.android.gms:play-services-basement:18.1.0] AndroidManifest.xml:23:13-66
108
109        <provider
109-->[androidx.emoji2:emoji2:1.2.0] AndroidManifest.xml:24:9-32:20
110            android:name="androidx.startup.InitializationProvider"
110-->[androidx.emoji2:emoji2:1.2.0] AndroidManifest.xml:25:13-67
111            android:authorities="com.example.navbar.androidx-startup"
111-->[androidx.emoji2:emoji2:1.2.0] AndroidManifest.xml:26:13-68
112            android:exported="false" >
112-->[androidx.emoji2:emoji2:1.2.0] AndroidManifest.xml:27:13-37
113            <meta-data
113-->[androidx.emoji2:emoji2:1.2.0] AndroidManifest.xml:29:13-31:52
114                android:name="androidx.emoji2.text.EmojiCompatInitializer"
114-->[androidx.emoji2:emoji2:1.2.0] AndroidManifest.xml:30:17-75
115                android:value="androidx.startup" />
115-->[androidx.emoji2:emoji2:1.2.0] AndroidManifest.xml:31:17-49
116            <meta-data
116-->[androidx.lifecycle:lifecycle-process:2.4.1] AndroidManifest.xml:31:13-33:52
117                android:name="androidx.lifecycle.ProcessLifecycleInitializer"
117-->[androidx.lifecycle:lifecycle-process:2.4.1] AndroidManifest.xml:32:17-78
118                android:value="androidx.startup" />
118-->[androidx.lifecycle:lifecycle-process:2.4.1] AndroidManifest.xml:33:17-49
119        </provider>
120    </application>
121
122</manifest>